  📝 clean/team-member/adam-macrae-martin/adam-macrae-martin.md
  📝 clean/team-member/adrian-mee/adrian-mee.md
  📝 clean/team-member/almo-wong/almo-wong.md
  📝 clean/team-member/ben-lane/ben-lane.md
  📝 clean/team-member/ben-wylie-van-eerd/ben-wylie-van-eerd.md
  📝 clean/team-member/bianca-beebe/bianca-beebe.md
  📝 clean/team-member/blair-smith/blair-smith.md
  📝 clean/team-member/cail-smith/cail-smith.md
  📝 clean/team-member/chee-khiang-sng/chee-khiang-sng.md
  📝 clean/team-member/cindie-uddstrom/cindie-uddstrom.md
  📝 clean/team-member/cody-marsh/cody-marsh.md
  📝 clean/team-member/daniel-eb/daniel-eb.md
  📝 clean/team-member/dave-bainbridge-zafar/dave-bainbridge-zafar.md
  📝 clean/team-member/derrick-paull/derrick-paull.md
  📝 clean/team-member/eden-skipper/eden-skipper.md
  📝 clean/team-member/evan-french/evan-french.md
  📝 clean/team-member/finn-liley/finn-liley.md
  📝 clean/team-member/helen-tait/helen-tait.md
  📝 clean/team-member/holly-knill/holly-knill.md
  📝 clean/team-member/jamie-attenborough/jamie-attenborough.md
  📝 clean/team-member/jessica-hammond/jessica-hammond.md
  📝 clean/team-member/jodie-kuntzsch/jodie-kuntzsch.md
  📝 clean/team-member/johan-chang/johan-chang.md
  📝 clean/team-member/kayla-kingdon-bebb/kayla-kingdon-bebb.md
  📝 clean/team-member/kevin-huang/kevin-huang.md
  📝 clean/team-member/luke-ross/luke-ross.md
  📝 clean/team-member/mark-roach/mark-roach.md
  📝 clean/team-member/mathew-phillips/mathew-phillips.md
  📝 clean/team-member/matt-harris/matt-harris.md
  📝 clean/team-member/matt-shepherd/matt-shepherd.md
  📝 clean/team-member/michael-carter/michael-carter.md
  📝 clean/team-member/naomi-pocock/naomi-pocock.md
  📝 clean/team-member/netra-ghimire/netra-ghimire.md
  📝 clean/team-member/papa-wharewera/papa-wharewera.md
  📝 clean/team-member/paul-jackson/paul-jackson.md
  📝 clean/team-member/qiulae-wong/qiulae-wong.md
  📝 clean/team-member/rachel-ward/rachel-ward.md
  📝 clean/team-member/robert-mason/robert-mason.md
  📝 clean/team-member/romeo-tevaga/romeo-tevaga.md
  📝 clean/team-member/sacha-haskell/sacha-haskell.md
  📝 clean/team-member/sam-plummer/sam-plummer.md
  📝 clean/team-member/sarah-lucas/sarah-lucas.md
  📝 clean/team-member/simon-dellabarca/simon-dellabarca.md
  📝 clean/team-member/team/team.md
