  📝 clean/blog-post/2025-07-20-the-opportunity-party-calls-for-bipartisanship-on-policy-costing-unit/2025-07-20-the-opportunity-party-calls-for-bipartisanship-on-policy-costing-unit.md
  📝 clean/blog-post/2025-08-21-top-stories-citizen-voice-regulatory-standards-candidate-college/2025-08-21-top-stories-citizen-voice-regulatory-standards-candidate-college.md
  📝 clean/blog-post/2025-08-26-statement-on-the-situation-in-gaza/2025-08-26-statement-on-the-situation-in-gaza.md
  📝 clean/blog-post/2025-08-26-submission-on-the-electoral-amendment-bill/2025-08-26-submission-on-the-electoral-amendment-bill.md
  📝 clean/blog-post/2025-12-21-on-the-hunt-for-new-zealands-north-star/2025-12-21-on-the-hunt-for-new-zealands-north-star.md
  📝 clean/blog-post/2026-01-28-submission-on-the-education-and-training-system-reform-amendment-bill/2026-01-28-submission-on-the-education-and-training-system-reform-amendment-bill.md
  📝 clean/blog-post/2026-02-05-q-needs-you/2026-02-05-q-needs-you.md
  📝 clean/blog-post/2026-02-06-qs-reflections-from-waitangi/2026-02-06-qs-reflections-from-waitangi.md
  📝 clean/blog-post/2026-03-02-submission-on-the-budget-policy-statement-2026/2026-03-02-submission-on-the-budget-policy-statement-2026.md
  📝 clean/blog-post/2026-03-03-call-for-government-reversal-on-lng-terminal/2026-03-03-call-for-government-reversal-on-lng-terminal.md
  📝 clean/blog-post/2026-03-03-statement-on-the-middle-east-crisis/2026-03-03-statement-on-the-middle-east-crisis.md
  📝 clean/blog-post/2026-03-23-statement-on-the-fisheries-amendment-bill/2026-03-23-statement-on-the-fisheries-amendment-bill.md
  📝 clean/blog-post/2026-03-25-meet-the-first-opportunity-candidates/2026-03-25-meet-the-first-opportunity-candidates.md
  📝 clean/blog-post/2026-04-09-free-public-transport/2026-04-09-free-public-transport.md
  📝 clean/blog-post/2026-05-04-submission-on-the-fisheries-amendment-bill/2026-05-04-submission-on-the-fisheries-amendment-bill.md
  📝 clean/blog-post/2026-05-17-accelerating-ev-uptake/2026-05-17-accelerating-ev-uptake.md
  📝 clean/blog-post/2026-05-21-prosperity-doesnt-start-with-a-shredder/2026-05-21-prosperity-doesnt-start-with-a-shredder.md
  📝 clean/blog-post/2026-05-27-left-right-politics-is-failing-new-zealand/2026-05-27-left-right-politics-is-failing-new-zealand.md
  📝 clean/blog-post/2026-05-28-gene-technology-policy/2026-05-28-gene-technology-policy.md
  📝 clean/blog-post/2026-06-01-the-pray-and-delay-budget/2026-06-01-the-pray-and-delay-budget.md
  📝 clean/blog-post/2026-06-09-submission-on-the-definitions-of-woman-and-man-amendment-bill/2026-06-09-submission-on-the-definitions-of-woman-and-man-amendment-bill.md
  📝 clean/blog-post/accelerating-ev-uptake/accelerating-ev-uptake.md  (from news)
