  📝 blog/2025-07-20-the-opportunity-party-calls-for-bipartisanship-on-policy-costing-unit.md
  📝 blog/2025-08-21-top-stories-citizen-voice-regulatory-standards-candidate-college.md
  📝 blog/2025-08-26-statement-on-the-situation-in-gaza.md
  📝 blog/2025-08-26-submission-on-the-electoral-amendment-bill.md
  📝 blog/2025-12-21-on-the-hunt-for-new-zealands-north-star.md
  📝 blog/2026-01-28-submission-on-the-education-and-training-system-reform-amendment-bill.md
  📝 blog/2026-02-05-q-needs-you.md
  📝 blog/2026-02-06-qs-reflections-from-waitangi.md
  📝 blog/2026-03-02-submission-on-the-budget-policy-statement-2026.md
  📝 blog/2026-03-03-call-for-government-reversal-on-lng-terminal.md
  📝 blog/2026-03-03-statement-on-the-middle-east-crisis.md
  📝 blog/2026-03-23-statement-on-the-fisheries-amendment-bill.md
  📝 blog/2026-03-25-meet-the-first-opportunity-candidates.md
  📝 blog/2026-04-09-free-public-transport.md
  📝 blog/2026-05-04-submission-on-the-fisheries-amendment-bill.md
  📝 blog/2026-05-17-accelerating-ev-uptake.md
  📝 blog/2026-05-21-prosperity-doesnt-start-with-a-shredder.md
  📝 blog/2026-05-27-left-right-politics-is-failing-new-zealand.md
  📝 blog/2026-05-28-gene-technology-policy.md
  📝 blog/2026-06-01-the-pray-and-delay-budget.md
  📝 blog/2026-06-09-submission-on-the-definitions-of-woman-and-man-amendment-bill.md
  📝 blog/accelerating-ev-uptake.md
