  📝 team/adam-macrae-martin.md
  📝 team/adrian-mee.md
  📝 team/almo-wong.md
  📝 team/ben-lane.md
  📝 team/ben-wylie-van-eerd.md
  📝 team/bianca-beebe.md
  📝 team/blair-smith.md
  📝 team/cail-smith.md
  📝 team/chee-khiang-sng.md
  📝 team/cindie-uddstrom.md
  📝 team/cody-marsh.md
  📝 team/daniel-eb.md
  📝 team/dave-bainbridge-zafar.md
  📝 team/derrick-paull.md
  📝 team/eden-skipper.md
  📝 team/evan-french.md
  📝 team/finn-liley.md
  📝 team/helen-tait.md
  📝 team/holly-knill.md
  📝 team/jamie-attenborough.md
  📝 team/jessica-hammond.md
  📝 team/jodie-kuntzsch.md
  📝 team/johan-chang.md
  📝 team/kayla-kingdon-bebb.md
  📝 team/kevin-huang.md
  📝 team/luke-ross.md
  📝 team/mark-roach.md
  📝 team/mathew-phillips.md
  📝 team/matt-harris.md
  📝 team/matt-shepherd.md
  📝 team/michael-carter.md
  📝 team/naomi-pocock.md
  📝 team/netra-ghimire.md
  📝 team/papa-wharewera.md
  📝 team/paul-jackson.md
  📝 team/qiulae-wong.md
  📝 team/rachel-ward.md
  📝 team/robert-mason.md
  📝 team/romeo-tevaga.md
  📝 team/sacha-haskell.md
  📝 team/sam-plummer.md
  📝 team/sarah-lucas.md
  📝 team/simon-dellabarca.md
  📝 team/team.md
