  📝 clean/event/2026-06-08-volunteer-campaign-planning-tauranga/2026-06-08-volunteer-campaign-planning-tauranga.md
  📝 clean/event/2026-06-09-meet-qiulae-wong-and-the-canterbury-candidates/2026-06-09-meet-qiulae-wong-and-the-canterbury-candidates.md
  📝 clean/event/2026-06-10-northcote-electorate-catch-up/2026-06-10-northcote-electorate-catch-up.md
  📝 clean/event/2026-06-12-new-plymouth-campaign-get-together/2026-06-12-new-plymouth-campaign-get-together.md
  📝 clean/event/2026-06-13-coffee-with-your-candidate/2026-06-13-coffee-with-your-candidate.md
  📝 clean/event/2026-06-13-dunedin-cafe-tour/2026-06-13-dunedin-cafe-tour.md
  📝 clean/event/2026-06-13-meet-robert-mason/2026-06-13-meet-robert-mason.md
  📝 clean/event/2026-06-13-policy-pints-with-kayla-kingdon-bebb/2026-06-13-policy-pints-with-kayla-kingdon-bebb.md
  📝 clean/event/2026-06-13-westport-opportunity-pop-in-clinic/2026-06-13-westport-opportunity-pop-in-clinic.md
  📝 clean/event/2026-06-14-coffee-with-your-candidate/2026-06-14-coffee-with-your-candidate.md
  📝 clean/event/2026-06-14-meet-qiulae-in-mt-albert/2026-06-14-meet-qiulae-in-mt-albert.md
  📝 clean/event/2026-06-14-opportunity-at-brewtown-market/2026-06-14-opportunity-at-brewtown-market.md
  📝 clean/event/2026-06-16-healthy-oceans-casual-forum/2026-06-16-healthy-oceans-casual-forum.md
  📝 clean/event/2026-06-16-healthy-oceans-public-forum/2026-06-16-healthy-oceans-public-forum.md
  📝 clean/event/2026-06-17-nelson-meet-your-candidate/2026-06-17-nelson-meet-your-candidate.md
  📝 clean/event/2026-06-20-dunedin-cafe-tour/2026-06-20-dunedin-cafe-tour.md
  📝 clean/event/2026-06-21-palmerston-north-meet-your-candidate/2026-06-21-palmerston-north-meet-your-candidate.md
  📝 clean/event/2026-06-27-dunedin-cafe-tour/2026-06-27-dunedin-cafe-tour.md
  📝 clean/event/2026-06-28-meet-ben-and-luke-candidates-for-hutt-south-and-remutaka/2026-06-28-meet-ben-and-luke-candidates-for-hutt-south-and-remutaka.md
  📝 clean/event/2026-06-28-opportunity-at-harbourside-market/2026-06-28-opportunity-at-harbourside-market.md
  📝 clean/event/2026-06-28-wellington-marathon-opportunity-afterparty/2026-06-28-wellington-marathon-opportunity-afterparty.md
